Performing C SOURCE FILE Test CMAKE_HAVE_LIBC_PTHREAD failed with the following output:
Change Dir: /home/roser/catkin_ws/src/a1sdk/build/CMakeFiles/CMakeTmp

Run Build Command(s):/usr/bin/make -f Makefile cmTC_35184/fast && /usr/bin/make  -f CMakeFiles/cmTC_35184.dir/build.make CMakeFiles/cmTC_35184.dir/build
make[1]: Entering directory '/home/roser/catkin_ws/src/a1sdk/build/CMakeFiles/CMakeTmp'
Building C object CMakeFiles/cmTC_35184.dir/src.c.o
/usr/bin/x86_64-linux-gnu-gcc-7 -DCMAKE_HAVE_LIBC_PTHREAD   -o CMakeFiles/cmTC_35184.dir/src.c.o -c /home/roser/catkin_ws/src/a1sdk/build/CMakeFiles/CMakeTmp/src.c
Linking C executable cmTC_35184
/opt/cmake/bin/cmake -E cmake_link_script CMakeFiles/cmTC_35184.dir/link.txt --verbose=1
/usr/bin/x86_64-linux-gnu-gcc-7 -rdynamic CMakeFiles/cmTC_35184.dir/src.c.o -o cmTC_35184 
CMakeFiles/cmTC_35184.dir/src.c.o: In function `main':
src.c:(.text+0x3e): undefined reference to `pthread_create'
src.c:(.text+0x4a): undefined reference to `pthread_detach'
src.c:(.text+0x56): undefined reference to `pthread_cancel'
src.c:(.text+0x67): undefined reference to `pthread_join'
src.c:(.text+0x7b): undefined reference to `pthread_atfork'
collect2: error: ld returned 1 exit status
CMakeFiles/cmTC_35184.dir/build.make:98: recipe for target 'cmTC_35184' failed
make[1]: *** [cmTC_35184] Error 1
make[1]: Leaving directory '/home/roser/catkin_ws/src/a1sdk/build/CMakeFiles/CMakeTmp'
Makefile:127: recipe for target 'cmTC_35184/fast' failed
make: *** [cmTC_35184/fast] Error 2


Source file was:
#include <pthread.h>

static void* test_func(void* data)
{
  return data;
}

int main(void)
{
  pthread_t thread;
  pthread_create(&thread, NULL, test_func, NULL);
  pthread_detach(thread);
  pthread_cancel(thread);
  pthread_join(thread, NULL);
  pthread_atfork(NULL, NULL, NULL);
  pthread_exit(NULL);

  return 0;
}

Determining if the function pthread_create exists in the pthreads failed with the following output:
Change Dir: /home/roser/catkin_ws/src/a1sdk/build/CMakeFiles/CMakeTmp

Run Build Command(s):/usr/bin/make -f Makefile cmTC_04fc6/fast && /usr/bin/make  -f CMakeFiles/cmTC_04fc6.dir/build.make CMakeFiles/cmTC_04fc6.dir/build
make[1]: Entering directory '/home/roser/catkin_ws/src/a1sdk/build/CMakeFiles/CMakeTmp'
Building C object CMakeFiles/cmTC_04fc6.dir/CheckFunctionExists.c.o
/usr/bin/x86_64-linux-gnu-gcc-7   -DCHECK_FUNCTION_EXISTS=pthread_create -o CMakeFiles/cmTC_04fc6.dir/CheckFunctionExists.c.o -c /opt/cmake/share/cmake-3.21/Modules/CheckFunctionExists.c
Linking C executable cmTC_04fc6
/opt/cmake/bin/cmake -E cmake_link_script CMakeFiles/cmTC_04fc6.dir/link.txt --verbose=1
/usr/bin/x86_64-linux-gnu-gcc-7  -DCHECK_FUNCTION_EXISTS=pthread_create -rdynamic CMakeFiles/cmTC_04fc6.dir/CheckFunctionExists.c.o -o cmTC_04fc6  -lpthreads 
/usr/bin/ld: cannot find -lpthreads
collect2: error: ld returned 1 exit status
CMakeFiles/cmTC_04fc6.dir/build.make:98: recipe for target 'cmTC_04fc6' failed
make[1]: *** [cmTC_04fc6] Error 1
make[1]: Leaving directory '/home/roser/catkin_ws/src/a1sdk/build/CMakeFiles/CMakeTmp'
Makefile:127: recipe for target 'cmTC_04fc6/fast' failed
make: *** [cmTC_04fc6/fast] Error 2



Determining if the pthread_create exist failed with the following output:
Change Dir: /home/roser/catkin_ws/src/a1sdk/build/CMakeFiles/CMakeTmp

Run Build Command:"/usr/bin/make" "cmTC_71437/fast"
/usr/bin/make -f CMakeFiles/cmTC_71437.dir/build.make CMakeFiles/cmTC_71437.dir/build
make[1]: Entering directory '/home/roser/catkin_ws/src/a1sdk/build/CMakeFiles/CMakeTmp'
Building C object CMakeFiles/cmTC_71437.dir/CheckSymbolExists.c.o
/usr/bin/x86_64-linux-gnu-gcc-7    -o CMakeFiles/cmTC_71437.dir/CheckSymbolExists.c.o   -c /home/roser/catkin_ws/src/a1sdk/build/CMakeFiles/CMakeTmp/CheckSymbolExists.c
Linking C executable cmTC_71437
/usr/bin/cmake -E cmake_link_script CMakeFiles/cmTC_71437.dir/link.txt --verbose=1
/usr/bin/x86_64-linux-gnu-gcc-7      -rdynamic CMakeFiles/cmTC_71437.dir/CheckSymbolExists.c.o  -o cmTC_71437 
CMakeFiles/cmTC_71437.dir/CheckSymbolExists.c.o: In function `main':
CheckSymbolExists.c:(.text+0x1b): undefined reference to `pthread_create'
collect2: error: ld returned 1 exit status
CMakeFiles/cmTC_71437.dir/build.make:97: recipe for target 'cmTC_71437' failed
make[1]: *** [cmTC_71437] Error 1
make[1]: Leaving directory '/home/roser/catkin_ws/src/a1sdk/build/CMakeFiles/CMakeTmp'
Makefile:126: recipe for target 'cmTC_71437/fast' failed
make: *** [cmTC_71437/fast] Error 2

File /home/roser/catkin_ws/src/a1sdk/build/CMakeFiles/CMakeTmp/CheckSymbolExists.c:
/* */
#include <pthread.h>

int main(int argc, char** argv)
{
  (void)argv;
#ifndef pthread_create
  return ((int*)(&pthread_create))[argc];
#else
  (void)argc;
  return 0;
#endif
}

