Linked: (/home/sailor/lidar_test/devel/.private/unitree_legged_msgs/share/common-lisp/ros/unitree_legged_msgs/msg/_package_IMU.lisp, /home/sailor/lidar_test/devel/share/common-lisp/ros/unitree_legged_msgs/msg/_package_IMU.lisp)
Linked: (/home/sailor/lidar_test/devel/.private/unitree_legged_msgs/share/common-lisp/ros/unitree_legged_msgs/msg/IMU.lisp, /home/sailor/lidar_test/devel/share/common-lisp/ros/unitree_legged_msgs/msg/IMU.lisp)
Linked: (/home/sailor/lidar_test/devel/.private/unitree_legged_msgs/share/common-lisp/ros/unitree_legged_msgs/msg/_package_MotorState.lisp, /home/sailor/lidar_test/devel/share/common-lisp/ros/unitree_legged_msgs/msg/_package_MotorState.lisp)
Linked: (/home/sailor/lidar_test/devel/.private/unitree_legged_msgs/share/common-lisp/ros/unitree_legged_msgs/msg/LowState.lisp, /home/sailor/lidar_test/devel/share/common-lisp/ros/unitree_legged_msgs/msg/LowState.lisp)
Linked: (/home/sailor/lidar_test/devel/.private/unitree_legged_msgs/share/common-lisp/ros/unitree_legged_msgs/msg/unitree_legged_msgs-msg.asd, /home/sailor/lidar_test/devel/share/common-lisp/ros/unitree_legged_msgs/msg/unitree_legged_msgs-msg.asd)
Linked: (/home/sailor/lidar_test/devel/.private/unitree_legged_msgs/share/common-lisp/ros/unitree_legged_msgs/msg/_package_LowState.lisp, /home/sailor/lidar_test/devel/share/common-lisp/ros/unitree_legged_msgs/msg/_package_LowState.lisp)
Linked: (/home/sailor/lidar_test/devel/.private/unitree_legged_msgs/share/common-lisp/ros/unitree_legged_msgs/msg/_package_MotorCmd.lisp, /home/sailor/lidar_test/devel/share/common-lisp/ros/unitree_legged_msgs/msg/_package_MotorCmd.lisp)
Linked: (/home/sailor/lidar_test/devel/.private/unitree_legged_msgs/share/common-lisp/ros/unitree_legged_msgs/msg/_package_HighState.lisp, /home/sailor/lidar_test/devel/share/common-lisp/ros/unitree_legged_msgs/msg/_package_HighState.lisp)
Linked: (/home/sailor/lidar_test/devel/.private/unitree_legged_msgs/share/common-lisp/ros/unitree_legged_msgs/msg/LowCmd.lisp, /home/sailor/lidar_test/devel/share/common-lisp/ros/unitree_legged_msgs/msg/LowCmd.lisp)
Linked: (/home/sailor/lidar_test/devel/.private/unitree_legged_msgs/share/common-lisp/ros/unitree_legged_msgs/msg/MotorCmd.lisp, /home/sailor/lidar_test/devel/share/common-lisp/ros/unitree_legged_msgs/msg/MotorCmd.lisp)
Linked: (/home/sailor/lidar_test/devel/.private/unitree_legged_msgs/share/common-lisp/ros/unitree_legged_msgs/msg/_package_Cartesian.lisp, /home/sailor/lidar_test/devel/share/common-lisp/ros/unitree_legged_msgs/msg/_package_Cartesian.lisp)
Linked: (/home/sailor/lidar_test/devel/.private/unitree_legged_msgs/share/common-lisp/ros/unitree_legged_msgs/msg/_package_HighCmd.lisp, /home/sailor/lidar_test/devel/share/common-lisp/ros/unitree_legged_msgs/msg/_package_HighCmd.lisp)
Linked: (/home/sailor/lidar_test/devel/.private/unitree_legged_msgs/share/common-lisp/ros/unitree_legged_msgs/msg/_package_LED.lisp, /home/sailor/lidar_test/devel/share/common-lisp/ros/unitree_legged_msgs/msg/_package_LED.lisp)
Linked: (/home/sailor/lidar_test/devel/.private/unitree_legged_msgs/share/common-lisp/ros/unitree_legged_msgs/msg/HighState.lisp, /home/sailor/lidar_test/devel/share/common-lisp/ros/unitree_legged_msgs/msg/HighState.lisp)
Linked: (/home/sailor/lidar_test/devel/.private/unitree_legged_msgs/share/common-lisp/ros/unitree_legged_msgs/msg/_package.lisp, /home/sailor/lidar_test/devel/share/common-lisp/ros/unitree_legged_msgs/msg/_package.lisp)
Linked: (/home/sailor/lidar_test/devel/.private/unitree_legged_msgs/share/common-lisp/ros/unitree_legged_msgs/msg/LED.lisp, /home/sailor/lidar_test/devel/share/common-lisp/ros/unitree_legged_msgs/msg/LED.lisp)
Linked: (/home/sailor/lidar_test/devel/.private/unitree_legged_msgs/share/common-lisp/ros/unitree_legged_msgs/msg/MotorState.lisp, /home/sailor/lidar_test/devel/share/common-lisp/ros/unitree_legged_msgs/msg/MotorState.lisp)
Linked: (/home/sailor/lidar_test/devel/.private/unitree_legged_msgs/share/common-lisp/ros/unitree_legged_msgs/msg/Cartesian.lisp, /home/sailor/lidar_test/devel/share/common-lisp/ros/unitree_legged_msgs/msg/Cartesian.lisp)
Linked: (/home/sailor/lidar_test/devel/.private/unitree_legged_msgs/share/common-lisp/ros/unitree_legged_msgs/msg/HighCmd.lisp, /home/sailor/lidar_test/devel/share/common-lisp/ros/unitree_legged_msgs/msg/HighCmd.lisp)
Linked: (/home/sailor/lidar_test/devel/.private/unitree_legged_msgs/share/common-lisp/ros/unitree_legged_msgs/msg/_package_LowCmd.lisp, /home/sailor/lidar_test/devel/share/common-lisp/ros/unitree_legged_msgs/msg/_package_LowCmd.lisp)
Linked: (/home/sailor/lidar_test/devel/.private/unitree_legged_msgs/share/gennodejs/ros/unitree_legged_msgs/_index.js, /home/sailor/lidar_test/devel/share/gennodejs/ros/unitree_legged_msgs/_index.js)
Linked: (/home/sailor/lidar_test/devel/.private/unitree_legged_msgs/share/gennodejs/ros/unitree_legged_msgs/msg/MotorState.js, /home/sailor/lidar_test/devel/share/gennodejs/ros/unitree_legged_msgs/msg/MotorState.js)
Linked: (/home/sailor/lidar_test/devel/.private/unitree_legged_msgs/share/gennodejs/ros/unitree_legged_msgs/msg/LowState.js, /home/sailor/lidar_test/devel/share/gennodejs/ros/unitree_legged_msgs/msg/LowState.js)
Linked: (/home/sailor/lidar_test/devel/.private/unitree_legged_msgs/share/gennodejs/ros/unitree_legged_msgs/msg/LED.js, /home/sailor/lidar_test/devel/share/gennodejs/ros/unitree_legged_msgs/msg/LED.js)
Linked: (/home/sailor/lidar_test/devel/.private/unitree_legged_msgs/share/gennodejs/ros/unitree_legged_msgs/msg/MotorCmd.js, /home/sailor/lidar_test/devel/share/gennodejs/ros/unitree_legged_msgs/msg/MotorCmd.js)
Linked: (/home/sailor/lidar_test/devel/.private/unitree_legged_msgs/share/gennodejs/ros/unitree_legged_msgs/msg/Cartesian.js, /home/sailor/lidar_test/devel/share/gennodejs/ros/unitree_legged_msgs/msg/Cartesian.js)
Linked: (/home/sailor/lidar_test/devel/.private/unitree_legged_msgs/share/gennodejs/ros/unitree_legged_msgs/msg/HighCmd.js, /home/sailor/lidar_test/devel/share/gennodejs/ros/unitree_legged_msgs/msg/HighCmd.js)
Linked: (/home/sailor/lidar_test/devel/.private/unitree_legged_msgs/share/gennodejs/ros/unitree_legged_msgs/msg/_index.js, /home/sailor/lidar_test/devel/share/gennodejs/ros/unitree_legged_msgs/msg/_index.js)
Linked: (/home/sailor/lidar_test/devel/.private/unitree_legged_msgs/share/gennodejs/ros/unitree_legged_msgs/msg/LowCmd.js, /home/sailor/lidar_test/devel/share/gennodejs/ros/unitree_legged_msgs/msg/LowCmd.js)
Linked: (/home/sailor/lidar_test/devel/.private/unitree_legged_msgs/share/gennodejs/ros/unitree_legged_msgs/msg/IMU.js, /home/sailor/lidar_test/devel/share/gennodejs/ros/unitree_legged_msgs/msg/IMU.js)
Linked: (/home/sailor/lidar_test/devel/.private/unitree_legged_msgs/share/gennodejs/ros/unitree_legged_msgs/msg/HighState.js, /home/sailor/lidar_test/devel/share/gennodejs/ros/unitree_legged_msgs/msg/HighState.js)
Linked: (/home/sailor/lidar_test/devel/.private/unitree_legged_msgs/share/unitree_legged_msgs/cmake/unitree_legged_msgs-msg-paths.cmake, /home/sailor/lidar_test/devel/share/unitree_legged_msgs/cmake/unitree_legged_msgs-msg-paths.cmake)
Linked: (/home/sailor/lidar_test/devel/.private/unitree_legged_msgs/share/unitree_legged_msgs/cmake/unitree_legged_msgs-msg-extras.cmake, /home/sailor/lidar_test/devel/share/unitree_legged_msgs/cmake/unitree_legged_msgs-msg-extras.cmake)
Linked: (/home/sailor/lidar_test/devel/.private/unitree_legged_msgs/share/unitree_legged_msgs/cmake/unitree_legged_msgsConfig-version.cmake, /home/sailor/lidar_test/devel/share/unitree_legged_msgs/cmake/unitree_legged_msgsConfig-version.cmake)
Linked: (/home/sailor/lidar_test/devel/.private/unitree_legged_msgs/share/unitree_legged_msgs/cmake/unitree_legged_msgsConfig.cmake, /home/sailor/lidar_test/devel/share/unitree_legged_msgs/cmake/unitree_legged_msgsConfig.cmake)
Linked: (/home/sailor/lidar_test/devel/.private/unitree_legged_msgs/share/roseus/ros/unitree_legged_msgs/manifest.l, /home/sailor/lidar_test/devel/share/roseus/ros/unitree_legged_msgs/manifest.l)
Linked: (/home/sailor/lidar_test/devel/.private/unitree_legged_msgs/share/roseus/ros/unitree_legged_msgs/msg/LowState.l, /home/sailor/lidar_test/devel/share/roseus/ros/unitree_legged_msgs/msg/LowState.l)
Linked: (/home/sailor/lidar_test/devel/.private/unitree_legged_msgs/share/roseus/ros/unitree_legged_msgs/msg/LowCmd.l, /home/sailor/lidar_test/devel/share/roseus/ros/unitree_legged_msgs/msg/LowCmd.l)
Linked: (/home/sailor/lidar_test/devel/.private/unitree_legged_msgs/share/roseus/ros/unitree_legged_msgs/msg/IMU.l, /home/sailor/lidar_test/devel/share/roseus/ros/unitree_legged_msgs/msg/IMU.l)
Linked: (/home/sailor/lidar_test/devel/.private/unitree_legged_msgs/share/roseus/ros/unitree_legged_msgs/msg/MotorCmd.l, /home/sailor/lidar_test/devel/share/roseus/ros/unitree_legged_msgs/msg/MotorCmd.l)
Linked: (/home/sailor/lidar_test/devel/.private/unitree_legged_msgs/share/roseus/ros/unitree_legged_msgs/msg/Cartesian.l, /home/sailor/lidar_test/devel/share/roseus/ros/unitree_legged_msgs/msg/Cartesian.l)
Linked: (/home/sailor/lidar_test/devel/.private/unitree_legged_msgs/share/roseus/ros/unitree_legged_msgs/msg/LED.l, /home/sailor/lidar_test/devel/share/roseus/ros/unitree_legged_msgs/msg/LED.l)
Linked: (/home/sailor/lidar_test/devel/.private/unitree_legged_msgs/share/roseus/ros/unitree_legged_msgs/msg/HighState.l, /home/sailor/lidar_test/devel/share/roseus/ros/unitree_legged_msgs/msg/HighState.l)
Linked: (/home/sailor/lidar_test/devel/.private/unitree_legged_msgs/share/roseus/ros/unitree_legged_msgs/msg/HighCmd.l, /home/sailor/lidar_test/devel/share/roseus/ros/unitree_legged_msgs/msg/HighCmd.l)
Linked: (/home/sailor/lidar_test/devel/.private/unitree_legged_msgs/share/roseus/ros/unitree_legged_msgs/msg/MotorState.l, /home/sailor/lidar_test/devel/share/roseus/ros/unitree_legged_msgs/msg/MotorState.l)
Linked: (/home/sailor/lidar_test/devel/.private/unitree_legged_msgs/include/unitree_legged_msgs/MotorState.h, /home/sailor/lidar_test/devel/include/unitree_legged_msgs/MotorState.h)
Linked: (/home/sailor/lidar_test/devel/.private/unitree_legged_msgs/include/unitree_legged_msgs/LowState.h, /home/sailor/lidar_test/devel/include/unitree_legged_msgs/LowState.h)
Linked: (/home/sailor/lidar_test/devel/.private/unitree_legged_msgs/include/unitree_legged_msgs/LowCmd.h, /home/sailor/lidar_test/devel/include/unitree_legged_msgs/LowCmd.h)
Linked: (/home/sailor/lidar_test/devel/.private/unitree_legged_msgs/include/unitree_legged_msgs/HighCmd.h, /home/sailor/lidar_test/devel/include/unitree_legged_msgs/HighCmd.h)
Linked: (/home/sailor/lidar_test/devel/.private/unitree_legged_msgs/include/unitree_legged_msgs/LED.h, /home/sailor/lidar_test/devel/include/unitree_legged_msgs/LED.h)
Linked: (/home/sailor/lidar_test/devel/.private/unitree_legged_msgs/include/unitree_legged_msgs/Cartesian.h, /home/sailor/lidar_test/devel/include/unitree_legged_msgs/Cartesian.h)
Linked: (/home/sailor/lidar_test/devel/.private/unitree_legged_msgs/include/unitree_legged_msgs/IMU.h, /home/sailor/lidar_test/devel/include/unitree_legged_msgs/IMU.h)
Linked: (/home/sailor/lidar_test/devel/.private/unitree_legged_msgs/include/unitree_legged_msgs/HighState.h, /home/sailor/lidar_test/devel/include/unitree_legged_msgs/HighState.h)
Linked: (/home/sailor/lidar_test/devel/.private/unitree_legged_msgs/include/unitree_legged_msgs/MotorCmd.h, /home/sailor/lidar_test/devel/include/unitree_legged_msgs/MotorCmd.h)
Linked: (/home/sailor/lidar_test/devel/.private/unitree_legged_msgs/lib/python2.7/dist-packages/unitree_legged_msgs/__init__.py, /home/sailor/lidar_test/devel/lib/python2.7/dist-packages/unitree_legged_msgs/__init__.py)
Linked: (/home/sailor/lidar_test/devel/.private/unitree_legged_msgs/lib/python2.7/dist-packages/unitree_legged_msgs/msg/_LowCmd.py, /home/sailor/lidar_test/devel/lib/python2.7/dist-packages/unitree_legged_msgs/msg/_LowCmd.py)
Linked: (/home/sailor/lidar_test/devel/.private/unitree_legged_msgs/lib/python2.7/dist-packages/unitree_legged_msgs/msg/_MotorCmd.py, /home/sailor/lidar_test/devel/lib/python2.7/dist-packages/unitree_legged_msgs/msg/_MotorCmd.py)
Linked: (/home/sailor/lidar_test/devel/.private/unitree_legged_msgs/lib/python2.7/dist-packages/unitree_legged_msgs/msg/_MotorState.py, /home/sailor/lidar_test/devel/lib/python2.7/dist-packages/unitree_legged_msgs/msg/_MotorState.py)
Linked: (/home/sailor/lidar_test/devel/.private/unitree_legged_msgs/lib/python2.7/dist-packages/unitree_legged_msgs/msg/_IMU.py, /home/sailor/lidar_test/devel/lib/python2.7/dist-packages/unitree_legged_msgs/msg/_IMU.py)
Linked: (/home/sailor/lidar_test/devel/.private/unitree_legged_msgs/lib/python2.7/dist-packages/unitree_legged_msgs/msg/_HighState.py, /home/sailor/lidar_test/devel/lib/python2.7/dist-packages/unitree_legged_msgs/msg/_HighState.py)
Linked: (/home/sailor/lidar_test/devel/.private/unitree_legged_msgs/lib/python2.7/dist-packages/unitree_legged_msgs/msg/_LowState.py, /home/sailor/lidar_test/devel/lib/python2.7/dist-packages/unitree_legged_msgs/msg/_LowState.py)
Linked: (/home/sailor/lidar_test/devel/.private/unitree_legged_msgs/lib/python2.7/dist-packages/unitree_legged_msgs/msg/_HighCmd.py, /home/sailor/lidar_test/devel/lib/python2.7/dist-packages/unitree_legged_msgs/msg/_HighCmd.py)
Linked: (/home/sailor/lidar_test/devel/.private/unitree_legged_msgs/lib/python2.7/dist-packages/unitree_legged_msgs/msg/_LED.py, /home/sailor/lidar_test/devel/lib/python2.7/dist-packages/unitree_legged_msgs/msg/_LED.py)
Linked: (/home/sailor/lidar_test/devel/.private/unitree_legged_msgs/lib/python2.7/dist-packages/unitree_legged_msgs/msg/_Cartesian.py, /home/sailor/lidar_test/devel/lib/python2.7/dist-packages/unitree_legged_msgs/msg/_Cartesian.py)
Linked: (/home/sailor/lidar_test/devel/.private/unitree_legged_msgs/lib/python2.7/dist-packages/unitree_legged_msgs/msg/__init__.py, /home/sailor/lidar_test/devel/lib/python2.7/dist-packages/unitree_legged_msgs/msg/__init__.py)
Linked: (/home/sailor/lidar_test/devel/.private/unitree_legged_msgs/lib/pkgconfig/unitree_legged_msgs.pc, /home/sailor/lidar_test/devel/lib/pkgconfig/unitree_legged_msgs.pc)
