[  0%] Built target geometry_msgs_generate_messages_cpp
[  0%] Built target std_msgs_generate_messages_cpp
[  0%] Built target sensor_msgs_generate_messages_cpp
[  0%] Built target _unitree_legged_msgs_generate_messages_check_deps_HighCmd
[  0%] Built target _unitree_legged_msgs_generate_messages_check_deps_LowState
[  0%] Built target _unitree_legged_msgs_generate_messages_check_deps_MotorCmd
[  0%] Built target _unitree_legged_msgs_generate_messages_check_deps_MotorState
[  0%] Built target _unitree_legged_msgs_generate_messages_check_deps_LED
[  0%] Built target _unitree_legged_msgs_generate_messages_check_deps_LowCmd
[  0%] Built target std_msgs_generate_messages_nodejs
[  0%] Built target _unitree_legged_msgs_generate_messages_check_deps_HighState
[  0%] Built target geometry_msgs_generate_messages_nodejs
[  0%] Built target _unitree_legged_msgs_generate_messages_check_deps_IMU
[  0%] Built target _unitree_legged_msgs_generate_messages_check_deps_Cartesian
[  0%] Built target sensor_msgs_generate_messages_nodejs
[  0%] Built target geometry_msgs_generate_messages_py
[  0%] Built target std_msgs_generate_messages_py
[  0%] Built target sensor_msgs_generate_messages_py
[  0%] Built target sensor_msgs_generate_messages_eus
[  0%] Built target geometry_msgs_generate_messages_eus
[  0%] Built target std_msgs_generate_messages_eus
[  0%] Built target std_msgs_generate_messages_lisp
[  0%] Built target geometry_msgs_generate_messages_lisp
[  0%] Built target sensor_msgs_generate_messages_lisp
[ 19%] Built target unitree_legged_msgs_generate_messages_cpp
[ 38%] Built target unitree_legged_msgs_generate_messages_nodejs
[ 59%] Built target unitree_legged_msgs_generate_messages_py
[ 80%] Built target unitree_legged_msgs_generate_messages_eus
[100%] Built target unitree_legged_msgs_generate_messages_lisp
[100%] Built target unitree_legged_msgs_generate_messages
