[01m[K/home/sailor/lidar_test/src/livox_laser_simulation/src/livox_points_plugin.cpp:[m[K In member function ‘[01m[Kvoid gazebo::LivoxPointsPlugin::SendRosTf(const Pose3d&, const string&, const string&)[m[K’:
[01m[K/home/sailor/lidar_test/src/livox_laser_simulation/src/livox_points_plugin.cpp:346:79:[m[K [01;31m[Kerror: [m[Kno matching function for call to ‘[01m[Ktf::StampedTransform::StampedTransform(tf::Transform&, ros::Time, const string*, const string*)[m[K’
         tf::StampedTransform(tf, ros::Time::now(), &father_frame, &child_frame[01;31m[K)[m[K);
                                                                               [01;31m[K^[m[K
In file included from [01m[K/opt/ros/melodic/include/tf/time_cache.h:38:0[m[K,
                 from [01m[K/opt/ros/melodic/include/tf/tf.h:44[m[K,
                 from [01m[K/opt/ros/melodic/include/tf/transform_broadcaster.h:36[m[K,
                 from [01m[K/home/sailor/lidar_test/src/livox_laser_simulation/include/livox_laser_simulation/livox_points_plugin.h:8[m[K,
                 from [01m[K/home/sailor/lidar_test/src/livox_laser_simulation/src/livox_points_plugin.cpp:5[m[K:
[01m[K/opt/ros/melodic/include/tf/transform_datatypes.h:91:3:[m[K [01;36m[Knote: [m[Kcandidate: tf::StampedTransform::StampedTransform()
   [01;36m[KStampedTransform[m[K() { };
   [01;36m[K^~~~~~~~~~~~~~~~[m[K
[01m[K/opt/ros/melodic/include/tf/transform_datatypes.h:91:3:[m[K [01;36m[Knote: [m[K  candidate expects 0 arguments, 4 provided
In file included from [01m[K/opt/ros/melodic/include/tf/time_cache.h:38:0[m[K,
                 from [01m[K/opt/ros/melodic/include/tf/tf.h:44[m[K,
                 from [01m[K/opt/ros/melodic/include/tf/transform_broadcaster.h:36[m[K,
                 from [01m[K/home/sailor/lidar_test/src/livox_laser_simulation/include/livox_laser_simulation/livox_points_plugin.h:8[m[K,
                 from [01m[K/home/sailor/lidar_test/src/livox_laser_simulation/src/livox_points_plugin.cpp:5[m[K:
[01m[K/opt/ros/melodic/include/tf/transform_datatypes.h:87:3:[m[K [01;36m[Knote: [m[Kcandidate: tf::StampedTransform::StampedTransform(const tf::Transform&, const ros::Time&, const string&, const string&)
   [01;36m[KStampedTransform[m[K(const tf::Transform& input, const ros::Time& timestamp, const std::string & frame_id, const std::string & child_frame_id):
   [01;36m[K^~~~~~~~~~~~~~~~[m[K
[01m[K/opt/ros/melodic/include/tf/transform_datatypes.h:87:3:[m[K [01;36m[Knote: [m[K  no known conversion for argument 3 from ‘[01m[Kconst string* {aka const std::__cxx11::basic_string<char>*}[m[K’ to ‘[01m[Kconst string& {aka const std::__cxx11::basic_string<char>&}[m[K’
[01m[K/opt/ros/melodic/include/tf/transform_datatypes.h:81:7:[m[K [01;36m[Knote: [m[Kcandidate: tf::StampedTransform::StampedTransform(const tf::StampedTransform&)
 class [01;36m[KStampedTransform[m[K : public tf::Transform
       [01;36m[K^~~~~~~~~~~~~~~~[m[K
[01m[K/opt/ros/melodic/include/tf/transform_datatypes.h:81:7:[m[K [01;36m[Knote: [m[K  candidate expects 1 argument, 4 provided
[01m[K/opt/ros/melodic/include/tf/transform_datatypes.h:81:7:[m[K [01;36m[Knote: [m[Kcandidate: tf::StampedTransform::StampedTransform(tf::StampedTransform&&)
[01m[K/opt/ros/melodic/include/tf/transform_datatypes.h:81:7:[m[K [01;36m[Knote: [m[K  candidate expects 1 argument, 4 provided
make[2]: *** [CMakeFiles/livox_laser_simulation.dir/src/livox_points_plugin.cpp.o] Error 1
make[1]: *** [CMakeFiles/livox_laser_simulation.dir/all] Error 2
make: *** [all] Error 2
